<?xml version="1.0" encoding="UTF-8"?>
<testng-results ignored="0" total="3" passed="3" failed="0" skipped="0">
  <reporter-output>
  </reporter-output>
  <suite started-at="2024-03-16T20:32:00 IST" name="Suite" finished-at="2024-03-16T20:33:11 IST" duration-ms="71204">
    <groups>
    </groups>
    <test started-at="2024-03-16T20:32:00 IST" name="Test" finished-at="2024-03-16T20:33:11 IST" duration-ms="71204">
      <class name="testCases.TestCase01">
        <test-method is-config="true" signature="setup()[pri:0, instance:testCases.TestCase01@14cd1699]" started-at="2024-03-16T20:32:00 IST" name="setup" finished-at="2024-03-16T20:32:06 IST" duration-ms="5239" status="PASS">
          <reporter-output>
          </reporter-output>
        </test-method> <!-- setup -->
        <test-method signature="test1()[pri:0, instance:testCases.TestCase01@14cd1699]" started-at="2024-03-16T20:32:06 IST" name="test1" finished-at="2024-03-16T20:32:16 IST" duration-ms="10527" status="PASS">
          <reporter-output>
          </reporter-output>
        </test-method> <!-- test1 -->
        <test-method is-config="true" signature="close()[pri:0, instance:testCases.TestCase01@14cd1699]" started-at="2024-03-16T20:32:16 IST" name="close" finished-at="2024-03-16T20:32:19 IST" duration-ms="3274" status="PASS">
          <reporter-output>
          </reporter-output>
        </test-method> <!-- close -->
      </class> <!-- testCases.TestCase01 -->
      <class name="testCases.TestCase02">
        <test-method is-config="true" signature="setup()[pri:0, instance:testCases.TestCase02@3e694b3f]" started-at="2024-03-16T20:32:19 IST" name="setup" finished-at="2024-03-16T20:32:25 IST" duration-ms="5997" status="PASS">
          <reporter-output>
          </reporter-output>
        </test-method> <!-- setup -->
        <test-method signature="test2()[pri:0, instance:testCases.TestCase02@3e694b3f]" started-at="2024-03-16T20:32:25 IST" name="test2" finished-at="2024-03-16T20:32:51 IST" duration-ms="25544" status="PASS">
          <reporter-output>
          </reporter-output>
        </test-method> <!-- test2 -->
        <test-method is-config="true" signature="close()[pri:0, instance:testCases.TestCase02@3e694b3f]" started-at="2024-03-16T20:32:51 IST" name="close" finished-at="2024-03-16T20:32:57 IST" duration-ms="5817" status="PASS">
          <reporter-output>
          </reporter-output>
        </test-method> <!-- close -->
      </class> <!-- testCases.TestCase02 -->
      <class name="testCases.TestCase03">
        <test-method is-config="true" signature="setup()[pri:0, instance:testCases.TestCase03@1bb5a082]" started-at="2024-03-16T20:32:57 IST" name="setup" finished-at="2024-03-16T20:33:03 IST" duration-ms="5964" status="PASS">
          <reporter-output>
          </reporter-output>
        </test-method> <!-- setup -->
        <test-method signature="test1()[pri:0, instance:testCases.TestCase03@1bb5a082]" started-at="2024-03-16T20:33:03 IST" name="test1" finished-at="2024-03-16T20:33:09 IST" duration-ms="6196" status="PASS">
          <reporter-output>
          </reporter-output>
        </test-method> <!-- test1 -->
        <test-method is-config="true" signature="close()[pri:0, instance:testCases.TestCase03@1bb5a082]" started-at="2024-03-16T20:33:09 IST" name="close" finished-at="2024-03-16T20:33:11 IST" duration-ms="2295" status="PASS">
          <reporter-output>
          </reporter-output>
        </test-method> <!-- close -->
      </class> <!-- testCases.TestCase03 -->
    </test> <!-- Test -->
  </suite> <!-- Suite -->
</testng-results>
